SLSQPIteration_log_opt 2023-11-03 17:05:50,291 [INFO] Старт работы метода оптимизации
SLSQPIteration_log_opt 2023-11-03 17:05:50,293 [WARNING] Не указан интервал частоты обновления размера шага
SLSQPIteration_log_opt 2023-11-03 17:05:50,294 [INFO] Начата 0 итерация
SLSQPIteration_log_opt 2023-11-03 17:05:50,295 [INFO] Записаны 1 точек на вычисление
SLSQPIteration_log_opt 2023-11-03 17:05:53,206 [INFO] Вычислены значения 1 точек
SLSQPIteration_log_opt 2023-11-03 17:05:53,207 [INFO] Оптимальное значение: x=[ 0.51066888 -0.72758843], y=[-0.21691955] на '0' шаге
SLSQPIteration_log_opt 2023-11-03 17:05:53,213 [INFO] Начата 1 итерация
SLSQPIteration_log_opt 2023-11-03 17:05:53,214 [INFO] Записаны 1 точек на вычисление
SLSQPIteration_log_opt 2023-11-03 17:05:56,785 [INFO] Вычислены значения 1 точек
SLSQPIteration_log_opt 2023-11-03 17:05:56,787 [INFO] Оптимальное значение: x=[ 0.51066888 -0.72758843], y=[-0.21691955] на '0' шаге
SLSQPIteration_log_opt 2023-11-03 17:05:56,790 [INFO] Начата 2 итерация
SLSQPIteration_log_opt 2023-11-03 17:05:56,791 [INFO] Записаны 1 точек на вычисление
SLSQPIteration_log_opt 2023-11-03 17:06:00,356 [INFO] Вычислены значения 1 точек
SLSQPIteration_log_opt 2023-11-03 17:06:00,359 [INFO] Оптимальное значение: x=[ 0.51066888 -0.72758843], y=[-0.21691955] на '0' шаге
SLSQPIteration_log_opt 2023-11-03 17:06:00,361 [INFO] Начата 3 итерация
SLSQPIteration_log_opt 2023-11-03 17:06:00,361 [INFO] Записаны 1 точек на вычисление
SLSQPIteration_log_opt 2023-11-03 17:06:03,930 [INFO] Вычислены значения 1 точек
SLSQPIteration_log_opt 2023-11-03 17:06:03,932 [INFO] Оптимальное значение: x=[-0.48933112 -1.72758843], y=[-2.21691955] на '3' шаге
SLSQPIteration_log_opt 2023-11-03 17:06:03,934 [INFO] Начата 4 итерация
SLSQPIteration_log_opt 2023-11-03 17:06:03,935 [INFO] Записаны 1 точек на вычисление
SLSQPIteration_log_opt 2023-11-03 17:06:07,481 [INFO] Вычислены значения 1 точек
SLSQPIteration_log_opt 2023-11-03 17:06:07,483 [INFO] Оптимальное значение: x=[-0.48933112 -1.72758843], y=[-2.21691955] на '3' шаге
SLSQPIteration_log_opt 2023-11-03 17:06:07,486 [INFO] Начата 5 итерация
SLSQPIteration_log_opt 2023-11-03 17:06:07,487 [INFO] Записаны 1 точек на вычисление
SLSQPIteration_log_opt 2023-11-03 17:06:11,040 [INFO] Вычислены значения 1 точек
SLSQPIteration_log_opt 2023-11-03 17:06:11,042 [INFO] Оптимальное значение: x=[-0.48933112 -1.72758843], y=[-2.21691955] на '3' шаге
SLSQPIteration_log_opt 2023-11-03 17:06:11,044 [INFO] Начата 6 итерация
SLSQPIteration_log_opt 2023-11-03 17:06:11,046 [INFO] Записаны 1 точек на вычисление
SLSQPIteration_log_opt 2023-11-03 17:06:14,599 [INFO] Вычислены значения 1 точек
SLSQPIteration_log_opt 2023-11-03 17:06:14,601 [INFO] Оптимальное значение: x=[-2. -2.], y=[-4.] на '6' шаге
SLSQPIteration_log_opt 2023-11-03 17:06:14,603 [INFO] Начата 7 итерация
SLSQPIteration_log_opt 2023-11-03 17:06:14,604 [INFO] Записаны 1 точек на вычисление
SLSQPIteration_log_opt 2023-11-03 17:06:18,153 [INFO] Вычислены значения 1 точек
SLSQPIteration_log_opt 2023-11-03 17:06:18,155 [INFO] Оптимальное значение: x=[-2. -2.], y=[-4.] на '6' шаге
SLSQPIteration_log_opt 2023-11-03 17:06:18,158 [INFO] Начата 8 итерация
SLSQPIteration_log_opt 2023-11-03 17:06:18,159 [INFO] Записаны 1 точек на вычисление
SLSQPIteration_log_opt 2023-11-03 17:06:21,705 [INFO] Вычислены значения 1 точек
SLSQPIteration_log_opt 2023-11-03 17:06:21,707 [INFO] Оптимальное значение: x=[-2. -2.], y=[-4.] на '6' шаге
