BHIteration_log_opt 2023-11-03 16:01:13,114 [INFO] Старт работы метода оптимизации
BHIteration_log_opt 2023-11-03 16:01:13,117 [INFO] Начата 0 итерация
BHIteration_log_opt 2023-11-03 16:01:13,119 [INFO] Записаны 1 точек на вычисление
BHIteration_log_opt 2023-11-03 16:01:16,773 [INFO] Вычислены значения 1 точек
BHIteration_log_opt 2023-11-03 16:01:16,775 [INFO] Оптимальное значение: x=[ 1.30731233 -1.86262638], y=[-0.55531405] на '0' шаге
BHIteration_log_opt 2023-11-03 16:01:16,782 [INFO] Начата 1 итерация
BHIteration_log_opt 2023-11-03 16:01:16,783 [INFO] Записаны 1 точек на вычисление
BHIteration_log_opt 2023-11-03 16:01:20,349 [INFO] Вычислены значения 1 точек
BHIteration_log_opt 2023-11-03 16:01:20,351 [INFO] Оптимальное значение: x=[ 1.30731233 -1.86262638], y=[-0.55531405] на '0' шаге
BHIteration_log_opt 2023-11-03 16:01:20,353 [INFO] Начата 2 итерация
BHIteration_log_opt 2023-11-03 16:01:20,354 [INFO] Записаны 1 точек на вычисление
BHIteration_log_opt 2023-11-03 16:01:23,926 [INFO] Вычислены значения 1 точек
BHIteration_log_opt 2023-11-03 16:01:23,927 [INFO] Оптимальное значение: x=[ 1.30731233 -1.86262638], y=[-0.55531405] на '0' шаге
BHIteration_log_opt 2023-11-03 16:01:23,929 [INFO] Начата 3 итерация
BHIteration_log_opt 2023-11-03 16:01:23,930 [INFO] Записаны 1 точек на вычисление
BHIteration_log_opt 2023-11-03 16:01:27,496 [INFO] Вычислены значения 1 точек
BHIteration_log_opt 2023-11-03 16:01:27,498 [INFO] Оптимальное значение: x=[ 0.30731233 -2.86262638], y=[-2.55531405] на '3' шаге
BHIteration_log_opt 2023-11-03 16:01:27,501 [INFO] Начата 4 итерация
BHIteration_log_opt 2023-11-03 16:01:27,502 [INFO] Записаны 1 точек на вычисление
BHIteration_log_opt 2023-11-03 16:01:31,050 [INFO] Вычислены значения 1 точек
BHIteration_log_opt 2023-11-03 16:01:31,052 [INFO] Оптимальное значение: x=[ 0.30731233 -2.86262638], y=[-2.55531405] на '3' шаге
BHIteration_log_opt 2023-11-03 16:01:31,056 [INFO] Начата 5 итерация
BHIteration_log_opt 2023-11-03 16:01:31,058 [INFO] Записаны 1 точек на вычисление
BHIteration_log_opt 2023-11-03 16:01:34,735 [INFO] Вычислены значения 1 точек
BHIteration_log_opt 2023-11-03 16:01:34,736 [INFO] Оптимальное значение: x=[ 0.30731233 -2.86262638], y=[-2.55531405] на '3' шаге
BHIteration_log_opt 2023-11-03 16:01:34,738 [INFO] Начата 6 итерация
BHIteration_log_opt 2023-11-03 16:01:34,739 [INFO] Записаны 1 точек на вычисление
BHIteration_log_opt 2023-11-03 16:01:38,312 [INFO] Вычислены значения 1 точек
BHIteration_log_opt 2023-11-03 16:01:38,314 [INFO] Оптимальное значение: x=[-4.69268767 -7.86262638], y=[-12.55531405] на '6' шаге
BHIteration_log_opt 2023-11-03 16:01:38,316 [INFO] Начата 7 итерация
BHIteration_log_opt 2023-11-03 16:01:38,317 [INFO] Записаны 1 точек на вычисление
BHIteration_log_opt 2023-11-03 16:01:41,889 [INFO] Вычислены значения 1 точек
BHIteration_log_opt 2023-11-03 16:01:41,892 [INFO] Оптимальное значение: x=[-4.69268767 -7.86262638], y=[-12.55531405] на '6' шаге
BHIteration_log_opt 2023-11-03 16:01:41,895 [INFO] Начата 8 итерация
BHIteration_log_opt 2023-11-03 16:01:41,896 [INFO] Записаны 1 точек на вычисление
BHIteration_log_opt 2023-11-03 16:01:45,466 [INFO] Вычислены значения 1 точек
BHIteration_log_opt 2023-11-03 16:01:45,468 [INFO] Оптимальное значение: x=[-4.69268767 -7.86262638], y=[-12.55531405] на '6' шаге
BHIteration_log_opt 2023-11-03 16:01:45,469 [INFO] Начата 9 итерация
BHIteration_log_opt 2023-11-03 16:01:45,470 [INFO] Записаны 1 точек на вычисление
BHIteration_log_opt 2023-11-03 16:01:49,036 [INFO] Вычислены значения 1 точек
BHIteration_log_opt 2023-11-03 16:01:49,038 [INFO] Оптимальное значение: x=[-29.69268767 -32.86262638], y=[-62.55531405] на '9' шаге
BHIteration_log_opt 2023-11-03 16:01:49,040 [INFO] Начата 10 итерация
BHIteration_log_opt 2023-11-03 16:01:49,041 [INFO] Записаны 1 точек на вычисление
BHIteration_log_opt 2023-11-03 16:01:52,603 [INFO] Вычислены значения 1 точек
BHIteration_log_opt 2023-11-03 16:01:52,605 [INFO] Оптимальное значение: x=[-29.69268767 -32.86262638], y=[-62.55531405] на '9' шаге
BHIteration_log_opt 2023-11-03 16:01:52,607 [INFO] Начата 11 итерация
BHIteration_log_opt 2023-11-03 16:01:52,608 [INFO] Записаны 1 точек на вычисление
BHIteration_log_opt 2023-11-03 16:01:56,177 [INFO] Вычислены значения 1 точек
BHIteration_log_opt 2023-11-03 16:01:56,178 [INFO] Оптимальное значение: x=[-29.69268767 -32.86262638], y=[-62.55531405] на '9' шаге
BHIteration_log_opt 2023-11-03 16:01:56,180 [INFO] Начата 12 итерация
BHIteration_log_opt 2023-11-03 16:01:56,181 [INFO] Записаны 1 точек на вычисление
BHIteration_log_opt 2023-11-03 16:01:59,752 [INFO] Вычислены значения 1 точек
BHIteration_log_opt 2023-11-03 16:01:59,756 [INFO] Оптимальное значение: x=[-154.69268767 -157.86262638], y=[-312.55531405] на '12' шаге
BHIteration_log_opt 2023-11-03 16:01:59,759 [INFO] Начата 13 итерация
BHIteration_log_opt 2023-11-03 16:01:59,761 [INFO] Записаны 1 точек на вычисление
BHIteration_log_opt 2023-11-03 16:02:03,216 [INFO] Вычислены значения 1 точек
BHIteration_log_opt 2023-11-03 16:02:03,218 [INFO] Оптимальное значение: x=[-154.69268767 -157.86262638], y=[-312.55531405] на '12' шаге
BHIteration_log_opt 2023-11-03 16:02:03,220 [INFO] Начата 14 итерация
BHIteration_log_opt 2023-11-03 16:02:03,221 [INFO] Записаны 1 точек на вычисление
BHIteration_log_opt 2023-11-03 16:02:06,768 [INFO] Вычислены значения 1 точек
BHIteration_log_opt 2023-11-03 16:02:06,770 [INFO] Оптимальное значение: x=[-154.69268767 -157.86262638], y=[-312.55531405] на '12' шаге
BHIteration_log_opt 2023-11-03 16:02:06,772 [INFO] Начата 15 итерация
BHIteration_log_opt 2023-11-03 16:02:06,773 [INFO] Записаны 1 точек на вычисление
BHIteration_log_opt 2023-11-03 16:02:10,449 [INFO] Вычислены значения 1 точек
BHIteration_log_opt 2023-11-03 16:02:10,452 [INFO] Оптимальное значение: x=[-779.69268767 -782.86262638], y=[-1562.55531405] на '15' шаге
BHIteration_log_opt 2023-11-03 16:02:10,456 [INFO] Начата 16 итерация
BHIteration_log_opt 2023-11-03 16:02:10,457 [INFO] Записаны 1 точек на вычисление
BHIteration_log_opt 2023-11-03 16:02:13,911 [INFO] Вычислены значения 1 точек
BHIteration_log_opt 2023-11-03 16:02:13,913 [INFO] Оптимальное значение: x=[-779.69268767 -782.86262638], y=[-1562.55531405] на '15' шаге
BHIteration_log_opt 2023-11-03 16:02:13,916 [INFO] Начата 17 итерация
BHIteration_log_opt 2023-11-03 16:02:13,917 [INFO] Записаны 1 точек на вычисление
BHIteration_log_opt 2023-11-03 16:02:17,482 [INFO] Вычислены значения 1 точек
BHIteration_log_opt 2023-11-03 16:02:17,484 [INFO] Оптимальное значение: x=[-779.69268767 -782.86262638], y=[-1562.55531405] на '15' шаге
BHIteration_log_opt 2023-11-03 16:02:17,486 [INFO] Начата 18 итерация
BHIteration_log_opt 2023-11-03 16:02:17,487 [INFO] Записаны 1 точек на вычисление
BHIteration_log_opt 2023-11-03 16:02:21,048 [INFO] Вычислены значения 1 точек
BHIteration_log_opt 2023-11-03 16:02:21,049 [INFO] Оптимальное значение: x=[-3904.69268767 -3907.86262638], y=[-7812.55531405] на '18' шаге
BHIteration_log_opt 2023-11-03 16:02:21,051 [INFO] Начата 19 итерация
BHIteration_log_opt 2023-11-03 16:02:21,053 [INFO] Записаны 1 точек на вычисление
BHIteration_log_opt 2023-11-03 16:02:24,598 [INFO] Вычислены значения 1 точек
BHIteration_log_opt 2023-11-03 16:02:24,600 [INFO] Оптимальное значение: x=[-3904.69268767 -3907.86262638], y=[-7812.55531405] на '18' шаге
BHIteration_log_opt 2023-11-03 16:02:24,602 [INFO] Начата 20 итерация
BHIteration_log_opt 2023-11-03 16:02:24,603 [INFO] Записаны 1 точек на вычисление
BHIteration_log_opt 2023-11-03 16:02:27,601 [ERROR] Работа логоса прекращена
BHIteration_log_opt 2023-11-03 16:02:27,602 [INFO] Оптимальное значение: x=[-3904.69268767 -3907.86262638], y=[-7812.55531405] на '18' шаге
